Start testing: Dec 03 12:17 EST
----------------------------------------------------------
1/2 Testing: test_main
1/2 Test: test_main
Command: "/home/eli/Assign_4/build/bin/Assign_4" "../../1atb.pdb"
Directory: /home/eli/Assign_4/build/src
"test_main" start time: Dec 03 12:17 EST
Output:
----------------------------------------------------------
<end of output>
Test time =   0.00 sec
----------------------------------------------------------
Test Passed.
"test_main" end time: Dec 03 12:17 EST
"test_main" time elapsed: 00:00:00
----------------------------------------------------------

2/2 Testing: Test_A
2/2 Test: Test_A
Command: "/home/eli/Assign_4/build/bin/my_unit_test"
Directory: /home/eli/Assign_4/build/test
"Test_A" start time: Dec 03 12:17 EST
Output:
----------------------------------------------------------


     CUnit - A unit testing framework for C - Version 2.1-3
     http://cunit.sourceforge.net/


Suite: Suite_1
  Test: test of readPDB() ...passed
  Test: test of generateCenter() ...passed
  Test: test of generateCadist() ...passed
  Test: test of findSqrt() ...passed

Run Summary:    Type  Total    Ran Passed Failed Inactive
              suites      1      1    n/a      0        0
               tests      4      4      4      0        0
             asserts      5      5      5      0      n/a

Elapsed time =    0.002 seconds
<end of output>
Test time =   0.01 sec
----------------------------------------------------------
Test Passed.
"Test_A" end time: Dec 03 12:17 EST
"Test_A" time elapsed: 00:00:00
----------------------------------------------------------

End testing: Dec 03 12:17 EST
